[WARN]  Running against a source checkout. In order to get our runtime dependencies we'll have to invoke Maven. Depending on the state of your system, this may take ~30-45 seconds
[DEBUG]  Running 'mvn -B -pl site.ycsb:mongodb-binding -am package -DskipTests dependency:list -DoutputAbsoluteArtifactFilename -DappendOutput=false -DoutputFile=/tmp/tmp804vpq21'
[INFO] Scanning for projects...
[ERROR] [ERROR] Could not find the selected project in the reactor: site.ycsb:mongodb-binding @ 
[ERROR] Could not find the selected project in the reactor: site.ycsb:mongodb-binding -> [Help 1]
[ERROR] 
[ERROR] To see the full stack trace of the errors, re-run Maven with the -e switch.
[ERROR] Re-run Maven using the -X switch to enable full debug logging.
[ERROR] 
[ERROR] For more information about the errors and possible solutions, please read the following articles:
[ERROR] [Help 1] http://cwiki.apache.org/confluence/display/MAVEN/MavenExecutionException
Traceback (most recent call last):
  File "/opt/YCSB/bin/ycsb", line 334, in <module>
    sys.exit(main())
  File "/opt/YCSB/bin/ycsb", line 307, in main
    maven_says = get_classpath_from_maven(project)
  File "/opt/YCSB/bin/ycsb", line 224, in get_classpath_from_maven
    subprocess.check_call(cmd)
  File "/usr/lib/python3.9/subprocess.py", line 373, in check_call
    raise CalledProcessError(retcode, cmd)
subprocess.CalledProcessError: Command '['mvn', '-B', '-pl', 'site.ycsb:mongodb-binding', '-am', 'package', '-DskipTests', 'dependency:list', '-DoutputAbsoluteArtifactFilename', '-DappendOutput=false', '-DoutputFile=/tmp/tmp804vpq21']' returned non-zero exit status 1.
