2025-09-23 14:32:12 - === CENÁRIO WRITE-HEAVY ===
2025-09-23 14:32:12 - Executando cenário: write_heavy
2025-09-23 14:32:12 - Threads: 20, Duração: 300s, Leitura: 10%, Escrita: 90%
sysbench 1.1.0-3ceba0b (using bundled LuaJIT 2.1.0-beta3)

Running the test with following options:
Number of threads: 20
Report intermediate results every 30 second(s)
Initializing random number generator from current time


Initializing worker threads...

Threads started!

[ 30s ] thds: 20 tps: 919.34 qps: 29428.03 (r/w/o: 9198.56/5183.04/15046.42) lat (ms,95%): 32.53 err/s: 0.00 reconn/s: 0.00
[ 60s ] thds: 20 tps: 928.21 qps: 29702.87 (r/w/o: 9281.52/6423.02/13998.33) lat (ms,95%): 34.33 err/s: 0.03 reconn/s: 0.00
[ 90s ] thds: 20 tps: 905.41 qps: 28974.45 (r/w/o: 9055.10/7291.06/12628.30) lat (ms,95%): 35.59 err/s: 0.03 reconn/s: 0.00
[ 120s ] thds: 20 tps: 872.68 qps: 27926.39 (r/w/o: 8726.98/7933.57/11265.85) lat (ms,95%): 35.59 err/s: 0.00 reconn/s: 0.00
[ 150s ] thds: 20 tps: 815.77 qps: 26106.11 (r/w/o: 8158.41/8159.94/9787.76) lat (ms,95%): 38.25 err/s: 0.00 reconn/s: 0.00
[ 180s ] thds: 20 tps: 825.58 qps: 26414.48 (r/w/o: 8254.00/8902.56/9257.92) lat (ms,95%): 38.94 err/s: 0.00 reconn/s: 0.00
[ 210s ] thds: 20 tps: 811.99 qps: 25985.71 (r/w/o: 8120.66/9308.99/8556.06) lat (ms,95%): 39.65 err/s: 0.03 reconn/s: 0.00
[ 240s ] thds: 20 tps: 789.60 qps: 25268.34 (r/w/o: 7897.07/9560.03/7811.24) lat (ms,95%): 41.10 err/s: 0.00 reconn/s: 0.00
[ 270s ] thds: 20 tps: 670.38 qps: 21451.74 (r/w/o: 6702.97/8494.74/6254.04) lat (ms,95%): 54.83 err/s: 0.00 reconn/s: 0.00
[ 300s ] thds: 20 tps: 634.09 qps: 20291.30 (r/w/o: 6342.07/8321.85/5627.37) lat (ms,95%): 55.82 err/s: 0.00 reconn/s: 0.00
SQL statistics:
    queries performed:
        read:                            2452190
        write:                           2387618
        other:                           3007194
        total:                           7847002
    transactions:                        245216 (817.29 per sec.)
    queries:                             7847002 (26153.46 per sec.)
    ignored errors:                      3      (0.01 per sec.)
    reconnects:                          0      (0.00 per sec.)

Throughput:
    events/s (eps):                      817.2863
    time elapsed:                        300.0369s
    total number of events:              245216

Latency (ms):
         min:                                    6.60
         avg:                                   24.47
         max:                                 1863.73
         95th percentile:                       41.10
         sum:                              5999494.51

Threads fairness:
    events (avg/stddev):           12260.8000/65.69
    execution time (avg/stddev):   299.9747/0.01

2025-09-23 14:37:12 - === CENÁRIO BALANCEADO ===
