2025-09-23 14:27:11 - === CENÁRIO READ-HEAVY ===
2025-09-23 14:27:11 - Executando cenário: read_heavy
2025-09-23 14:27:11 - Threads: 20, Duração: 300s, Leitura: 90%, Escrita: 10%
sysbench 1.1.0-3ceba0b (using bundled LuaJIT 2.1.0-beta3)

Running the test with following options:
Number of threads: 20
Report intermediate results every 30 second(s)
Initializing random number generator from current time


Initializing worker threads...

Threads started!

[ 30s ] thds: 20 tps: 302.75 qps: 29100.65 (r/w/o: 27283.34/316.57/1500.73) lat (ms,95%): 132.49 err/s: 0.00 reconn/s: 0.00
[ 60s ] thds: 20 tps: 178.29 qps: 17119.52 (r/w/o: 16049.77/198.45/871.30) lat (ms,95%): 231.53 err/s: 0.00 reconn/s: 0.00
[ 90s ] thds: 20 tps: 164.95 qps: 15824.25 (r/w/o: 14834.52/191.80/797.93) lat (ms,95%): 257.95 err/s: 0.00 reconn/s: 0.00
[ 120s ] thds: 20 tps: 251.51 qps: 24150.81 (r/w/o: 22642.01/309.07/1199.73) lat (ms,95%): 137.35 err/s: 0.00 reconn/s: 0.00
[ 150s ] thds: 20 tps: 267.35 qps: 25666.16 (r/w/o: 24061.94/343.92/1260.30) lat (ms,95%): 123.28 err/s: 0.00 reconn/s: 0.00
[ 180s ] thds: 20 tps: 258.73 qps: 24830.30 (r/w/o: 23278.04/355.20/1197.07) lat (ms,95%): 132.49 err/s: 0.00 reconn/s: 0.00
[ 210s ] thds: 20 tps: 247.79 qps: 23793.72 (r/w/o: 22306.99/354.78/1131.95) lat (ms,95%): 139.85 err/s: 0.00 reconn/s: 0.00
[ 240s ] thds: 20 tps: 232.08 qps: 22277.01 (r/w/o: 20884.50/346.40/1046.11) lat (ms,95%): 147.61 err/s: 0.00 reconn/s: 0.00
[ 270s ] thds: 20 tps: 221.09 qps: 21230.73 (r/w/o: 19904.25/343.36/983.12) lat (ms,95%): 170.48 err/s: 0.00 reconn/s: 0.00
[ 300s ] thds: 20 tps: 221.64 qps: 21270.40 (r/w/o: 19940.53/353.15/976.72) lat (ms,95%): 161.51 err/s: 0.00 reconn/s: 0.00
SQL statistics:
    queries performed:
        read:                            6336630
        write:                           93417
        other:                           329025
        total:                           6759072
    transactions:                        70407  (234.64 per sec.)
    queries:                             6759072 (22525.21 per sec.)
    ignored errors:                      0      (0.00 per sec.)
    reconnects:                          0      (0.00 per sec.)

Throughput:
    events/s (eps):                      234.6376
    time elapsed:                        300.0670s
    total number of events:              70407

Latency (ms):
         min:                                   13.00
         avg:                                   85.22
         max:                                 2002.01
         95th percentile:                      161.51
         sum:                              6000430.24

Threads fairness:
    events (avg/stddev):           3520.3500/36.05
    execution time (avg/stddev):   300.0215/0.01

2025-09-23 14:32:12 - === CENÁRIO WRITE-HEAVY ===
