2025-09-23 14:37:12 - === CENÁRIO BALANCEADO ===
2025-09-23 14:37:12 - Executando cenário: balanced
2025-09-23 14:37:12 - Threads: 20, Duração: 300s, Leitura: 50%, Escrita: 50%
sysbench 1.1.0-3ceba0b (using bundled LuaJIT 2.1.0-beta3)

Running the test with following options:
Number of threads: 20
Report intermediate results every 30 second(s)
Initializing random number generator from current time


Initializing worker threads...

Threads started!

[ 30s ] thds: 20 tps: 162.20 qps: 10399.64 (r/w/o: 8127.85/1324.35/947.43) lat (ms,95%): 244.38 err/s: 0.00 reconn/s: 0.00
[ 60s ] thds: 20 tps: 170.14 qps: 10894.13 (r/w/o: 8512.06/1402.58/979.49) lat (ms,95%): 223.34 err/s: 0.00 reconn/s: 0.00
[ 90s ] thds: 20 tps: 215.78 qps: 13808.69 (r/w/o: 10787.31/1786.57/1234.81) lat (ms,95%): 170.48 err/s: 0.00 reconn/s: 0.00
[ 120s ] thds: 20 tps: 206.08 qps: 13190.50 (r/w/o: 10304.94/1725.60/1159.96) lat (ms,95%): 173.58 err/s: 0.00 reconn/s: 0.00
[ 150s ] thds: 20 tps: 203.56 qps: 13022.57 (r/w/o: 10174.03/1722.89/1125.65) lat (ms,95%): 173.58 err/s: 0.00 reconn/s: 0.00
[ 180s ] thds: 20 tps: 195.03 qps: 12484.71 (r/w/o: 9753.79/1665.47/1065.45) lat (ms,95%): 179.94 err/s: 0.00 reconn/s: 0.00
[ 210s ] thds: 20 tps: 200.76 qps: 12853.18 (r/w/o: 10042.09/1729.94/1081.15) lat (ms,95%): 186.54 err/s: 0.00 reconn/s: 0.00
[ 240s ] thds: 20 tps: 204.53 qps: 13088.75 (r/w/o: 10225.79/1775.13/1087.83) lat (ms,95%): 170.48 err/s: 0.00 reconn/s: 0.00
[ 270s ] thds: 20 tps: 211.70 qps: 13543.00 (r/w/o: 10578.85/1850.09/1114.06) lat (ms,95%): 170.48 err/s: 0.00 reconn/s: 0.00
[ 300s ] thds: 20 tps: 194.89 qps: 12474.45 (r/w/o: 9746.74/1714.41/1013.30) lat (ms,95%): 204.11 err/s: 0.00 reconn/s: 0.00
SQL statistics:
    queries performed:
        read:                            2948050
        write:                           501096
        other:                           324358
        total:                           3773504
    transactions:                        58961  (196.48 per sec.)
    queries:                             3773504 (12574.70 per sec.)
    ignored errors:                      0      (0.00 per sec.)
    reconnects:                          0      (0.00 per sec.)

Throughput:
    events/s (eps):                      196.4798
    time elapsed:                        300.0869s
    total number of events:              58961

Latency (ms):
         min:                                   27.10
         avg:                                  101.77
         max:                                  566.63
         95th percentile:                      189.93
         sum:                              6000617.34

Threads fairness:
    events (avg/stddev):           2948.0500/29.88
    execution time (avg/stddev):   300.0309/0.02

2025-09-23 14:42:12 - Benchmarks Sysbench concluídos!
